<?xml version="1.0" encoding="UTF-8"?>
<testsuite xmlns:xsi="http://www.w3.org/2001/XMLSchema-instance" xsi:noNamespaceSchemaLocation="https://maven.apache.org/surefire/maven-surefire-plugin/xsd/surefire-test-report-3.0.xsd" version="3.0" name="org.example.CalculatorTest" time="0.072" tests="1" errors="0" skipped="0" failures="0">
  <properties>
    <property name="java.specification.version" value="17"/>
    <property name="sun.cpu.isalist" value="amd64"/>
    <property name="sun.jnu.encoding" value="GBK"/>
    <property name="java.class.path" value="D:\Idea-workspace\HelloWorld\target\test-classes;D:\Idea-workspace\HelloWorld\target\classes;C:\Users\24333\.m2\repository\junit\junit\4.13.1\junit-4.13.1.jar;C:\Users\24333\.m2\repository\org\hamcrest\hamcrest-core\1.3\hamcrest-core-1.3.jar;"/>
    <property name="java.vm.vendor" value="Amazon.com Inc."/>
    <property name="sun.arch.data.model" value="64"/>
    <property name="user.variant" value=""/>
    <property name="java.vendor.url" value="https://aws.amazon.com/corretto/"/>
    <property name="user.timezone" value="Asia/Shanghai"/>
    <property name="os.name" value="Windows 11"/>
    <property name="java.vm.specification.version" value="17"/>
    <property name="sun.java.launcher" value="SUN_STANDARD"/>
    <property name="user.country" value="CN"/>
    <property name="sun.boot.library.path" value="C:\Users\24333\.jdks\corretto-17.0.14\bin"/>
    <property name="sun.java.command" value="C:\Users\24333\AppData\Local\Temp\surefire12336369787710718603\surefirebooter-20250617120425534_3.jar C:\Users\24333\AppData\Local\Temp\surefire12336369787710718603 2025-06-17T12-04-21_171-jvmRun1 surefire-20250617120425534_1tmp surefire_0-20250617120425534_2tmp"/>
    <property name="jdk.debug" value="release"/>
    <property name="surefire.test.class.path" value="D:\Idea-workspace\HelloWorld\target\test-classes;D:\Idea-workspace\HelloWorld\target\classes;C:\Users\24333\.m2\repository\junit\junit\4.13.1\junit-4.13.1.jar;C:\Users\24333\.m2\repository\org\hamcrest\hamcrest-core\1.3\hamcrest-core-1.3.jar;"/>
    <property name="sun.cpu.endian" value="little"/>
    <property name="user.home" value="C:\Users\24333"/>
    <property name="user.language" value="zh"/>
    <property name="java.specification.vendor" value="Oracle Corporation"/>
    <property name="java.version.date" value="2025-01-21"/>
    <property name="java.home" value="C:\Users\24333\.jdks\corretto-17.0.14"/>
    <property name="file.separator" value="\"/>
    <property name="basedir" value="D:\Idea-workspace\HelloWorld"/>
    <property name="java.vm.compressedOopsMode" value="Zero based"/>
    <property name="line.separator" value="&#10;"/>
    <property name="java.vm.specification.vendor" value="Oracle Corporation"/>
    <property name="java.specification.name" value="Java Platform API Specification"/>
    <property name="surefire.real.class.path" value="C:\Users\24333\AppData\Local\Temp\surefire12336369787710718603\surefirebooter-20250617120425534_3.jar"/>
    <property name="user.script" value=""/>
    <property name="sun.management.compiler" value="HotSpot 64-Bit Tiered Compilers"/>
    <property name="java.runtime.version" value="17.0.14+7-LTS"/>
    <property name="user.name" value="24333"/>
    <property name="path.separator" value=";"/>
    <property name="os.version" value="10.0"/>
    <property name="java.runtime.name" value="OpenJDK Runtime Environment"/>
    <property name="file.encoding" value="GBK"/>
    <property name="java.vm.name" value="OpenJDK 64-Bit Server VM"/>
    <property name="java.vendor.version" value="Corretto-17.0.14.7.1"/>
    <property name="localRepository" value="C:\Users\24333\.m2\repository"/>
    <property name="java.vendor.url.bug" value="https://github.com/corretto/corretto-17/issues/"/>
    <property name="java.io.tmpdir" value="C:\Users\24333\AppData\Local\Temp\"/>
    <property name="idea.version" value="2024.2.5"/>
    <property name="java.version" value="17.0.14"/>
    <property name="user.dir" value="D:\Idea-workspace\HelloWorld"/>
    <property name="os.arch" value="amd64"/>
    <property name="java.vm.specification.name" value="Java Virtual Machine Specification"/>
    <property name="sun.os.patch.level" value=""/>
    <property name="native.encoding" value="GBK"/>
    <property name="java.library.path" value="C:\Users\24333\.jdks\corretto-17.0.14\bin;C:\WINDOWS\Sun\Java\bin;C:\WINDOWS\system32;C:\WINDOWS;C:\Program Files (x86)\Common Files\Oracle\Java\java8path;C:\Program Files (x86)\Common Files\Oracle\Java\javapath;D:\Download\Maven\apache-maven-3.9.9-bin\apache-maven-3.9.9\bin;D:\Download\Golang\bin;D:\Download\MinGW\x86_64-8.1.0-release-posix-sjlj-rt_v6-rev0\mingw64\bin;D:\Download\Java\jdk8\bin;C:\Windows\system32;C:\Windows;C:\Windows\System32\Wbem;C:\Windows\System32\WindowsPowerShell\v1.0\;C:\Windows\System32\OpenSSH\;C:\Program Files (x86)\NVIDIA Corporation\PhysX\Common;C:\Program Files\NVIDIA Corporation\NVIDIA NvDLISR;C:\WINDOWS\system32;C:\WINDOWS;C:\WINDOWS\System32\Wbem;C:\WINDOWS\System32\WindowsPowerShell\v1.0\;C:\WINDOWS\System32\OpenSSH\;D:\Download\Git\cmd;C:\Program Files\Git\cmd;C:\Program Files\Docker\Docker\resources\bin;D:\VScode-workspace\golang-projects;D:\Download\Miniconda\Miniconda;D:\Download\Miniconda\Miniconda\Library\bin;D:\Download\Miniconda\Miniconda\Scripts;D:\Download\Node.js\Node.js\node_global\node_modules;C:\Program Files\dotnet\;C:\Program Files\python;C:\Program Files\python\Scripts;D:\Download\Bt\Bt\BtSoft\panel\script;D:\Download\ADB-tool\platform-tools-latest-windows\platform-tools;D:\Download\Node.js\Node.js\;C:\Users\24333\.cargo\bin;D:\Download\Python\Scripts\;D:\Download\Python\;C:\Users\24333\AppData\Local\Programs\Python\Launcher\;C:\Users\24333\AppData\Local\Microsoft\WindowsApps;D:\Download\VSCode\Microsoft VS Code\bin;D:\VScode-workspace\golang-projects;C:\Users\24333\go\bin;D:\Download\Miniconda\Miniconda;D:\Download\Miniconda\Miniconda\Library\bin;D:\Download\Miniconda\Miniconda\Scripts;D:\Download\Node.js\Node.js\node_global;C:\Users\24333\.dotnet\tools;C:\Users\24333\AppData\Roaming\npm;."/>
    <property name="java.vm.info" value="mixed mode, sharing"/>
    <property name="java.vendor" value="Amazon.com Inc."/>
    <property name="java.vm.version" value="17.0.14+7-LTS"/>
    <property name="java.specification.maintenance.version" value="1"/>
    <property name="sun.io.unicode.encoding" value="UnicodeLittle"/>
    <property name="java.class.version" value="61.0"/>
  </properties>
  <testcase name="testAdd" classname="org.example.CalculatorTest" time="0.004"/>
</testsuite>